c:\users\ritch\source\repos\forex_profit_calc_cpp\forex_profit_calc_cpp\x64\debug\vc142.pdb
c:\users\ritch\source\repos\forex_profit_calc_cpp\forex_profit_calc_cpp\x64\debug\vc142.idb
c:\users\ritch\source\repos\forex_profit_calc_cpp\forex_profit_calc_cpp\x64\debug\statstotalsstack.obj
c:\users\ritch\source\repos\forex_profit_calc_cpp\forex_profit_calc_cpp\x64\debug\simulator.obj
c:\users\ritch\source\repos\forex_profit_calc_cpp\forex_profit_calc_cpp\x64\debug\portfoliototalsstack.obj
c:\users\ritch\source\repos\forex_profit_calc_cpp\forex_profit_calc_cpp\x64\debug\main.obj
c:\users\ritch\source\repos\forex_profit_calc_cpp\forex_profit_calc_cpp\x64\debug\jsonfilecreator.obj
c:\users\ritch\source\repos\forex_profit_calc_cpp\forex_profit_calc_cpp\x64\debug\portfoliototalsstack.test.obj
c:\users\ritch\source\repos\forex_profit_calc_cpp\forex_profit_calc_cpp\x64\debug\test.obj
c:\users\ritch\source\repos\forex_profit_calc_cpp\forex_profit_calc_cpp\x64\debug\vcpkg.applocal.log
c:\users\ritch\source\repos\forex_profit_calc_cpp\x64\debug\forex_profit_calc_cpp.exe
c:\users\ritch\source\repos\forex_profit_calc_cpp\x64\debug\forex_profit_calc_cpp.ilk
c:\users\ritch\source\repos\forex_profit_calc_cpp\x64\debug\forex_profit_calc_cpp.pdb
c:\users\ritch\source\repos\forex_profit_calc_cpp\forex_profit_calc_cpp\x64\debug\forex_pr.4474c7cd.tlog\cl.command.1.tlog
c:\users\ritch\source\repos\forex_profit_calc_cpp\forex_profit_calc_cpp\x64\debug\forex_pr.4474c7cd.tlog\cl.read.1.tlog
c:\users\ritch\source\repos\forex_profit_calc_cpp\forex_profit_calc_cpp\x64\debug\forex_pr.4474c7cd.tlog\cl.write.1.tlog
c:\users\ritch\source\repos\forex_profit_calc_cpp\forex_profit_calc_cpp\x64\debug\forex_pr.4474c7cd.tlog\forex_profit_calc_cpp.write.1u.tlog
c:\users\ritch\source\repos\forex_profit_calc_cpp\forex_profit_calc_cpp\x64\debug\forex_pr.4474c7cd.tlog\link.command.1.tlog
c:\users\ritch\source\repos\forex_profit_calc_cpp\forex_profit_calc_cpp\x64\debug\forex_pr.4474c7cd.tlog\link.read.1.tlog
c:\users\ritch\source\repos\forex_profit_calc_cpp\forex_profit_calc_cpp\x64\debug\forex_pr.4474c7cd.tlog\link.write.1.tlog
